Sat 25 Mar 2023 03:48:07 PM UTC: 
 tests:  0|6
total_score: 0/70
8074aa1
Sat 25 Mar 2023 03:55:02 PM UTC: 
 list.c | 6 ++++--
 1 file changed, 4 insertions(+), 2 deletions(-)
In file included from test.c:5:
list.c: In function ‘createList’:
list.c:33:3: error: ‘list’ undeclared (first use in this function); did you mean ‘List’?
   33 |   list->head = NULL
      |   ^~~~
      |   List
list.c:33:3: note: each undeclared identifier is reported only once for each function it appears in
list.c:34:5: error: expected ‘;’ before ‘return’
   34 |     return list;
      |     ^~~~~~
list.c:35:1: error: control reaches end of non-void function [-Werror=return-type]
   35 | }
      | ^
cc1: all warnings being treated as errors
Compilation failed
0604b6e
Sat 25 Mar 2023 03:55:51 PM UTC: 
 list.c | 2 +-
 1 file changed, 1 insertion(+), 1 deletion(-)
In file included from test.c:5:
list.c: In function ‘createList’:
list.c:33:7: error: expected identifier or ‘(’ before ‘->’ token
   33 |   List->head = NULL
      |       ^~
list.c:35:1: error: control reaches end of non-void function [-Werror=return-type]
   35 | }
      | ^
cc1: all warnings being treated as errors
Compilation failed
9172db4
